<?xml version="1.0" encoding="UTF-8"?>
<testng-results skipped="0" failed="0" total="1" passed="1">
  <reporter-output>
  </reporter-output>
  <suite name="Demo" duration-ms="37863" started-at="2016-03-16T17:37:33Z" finished-at="2016-03-16T17:38:11Z">
    <groups>
    </groups>
    <test name="Test" duration-ms="37863" started-at="2016-03-16T17:37:33Z" finished-at="2016-03-16T17:38:11Z">
      <class name="com.ahabana.Main">
        <test-method status="PASS" signature="test()[pri:0, instance:com.ahabana.Main@17246de]" name="test" duration-ms="37833" started-at="2016-03-16T10:37:33Z" finished-at="2016-03-16T10:38:11Z">
          <reporter-output>
          </reporter-output>
        </test-method> <!-- test -->
      </class> <!-- com.ahabana.Main -->
    </test> <!-- Test -->
  </suite> <!-- Demo -->
</testng-results>
