<?xml version="1.0" encoding="UTF-8"?>
<testng-results skipped="0" failed="0" total="1" passed="1">
  <reporter-output>
  </reporter-output>
  <suite name="Demo" duration-ms="42017" started-at="2016-04-05T18:24:33Z" finished-at="2016-04-05T18:25:15Z">
    <groups>
    </groups>
    <test name="Test" duration-ms="42017" started-at="2016-04-05T18:24:33Z" finished-at="2016-04-05T18:25:15Z">
      <class name="com.ahabana.Main">
        <test-method status="PASS" signature="test()[pri:0, instance:com.ahabana.Main@17246de]" name="test" duration-ms="41986" started-at="2016-04-05T11:24:33Z" finished-at="2016-04-05T11:25:15Z">
          <reporter-output>
          </reporter-output>
        </test-method> <!-- test -->
      </class> <!-- com.ahabana.Main -->
    </test> <!-- Test -->
  </suite> <!-- Demo -->
</testng-results>
